6:13:03 PM - ARM Physical IP, Inc.
6:13:03 PM - Linux micro06 4.18.0-553.30.1.el8_10.x86_64 #1 SMP Fri Nov 15 03:46:25 EST 2024 x86_64 x86_64 x86_64 GNU/Linux
6:13:03 PM - Version 2008Q3V1
6:13:03 PM - GUI version 5.6.13
6:13:03 PM - 
6:13:03 PM - CONFIDENTIAL AND PROPRIETARY SOFTWARE OF ARM PHYSICAL IP, INC.
6:13:03 PM - 
6:13:03 PM - Copyright (c) 1993 - 2024 ARM Physical IP, Inc.  All Rights Reserved.
6:13:03 PM - 
6:13:03 PM - Use of this Software is subject to the terms and conditions of the
6:13:03 PM - applicable license agreement with ARM Physical IP, Inc. 
6:13:03 PM - In addition, this Software is protected by patents, copyright law 
6:13:03 PM - and international treaties.
6:13:03 PM - 
6:13:03 PM - The copyright notice(s) in this Software does not indicate actual or
6:13:03 PM - intended publication of this Software.
6:13:03 PM - 
6:13:03 PM - High Speed/Density Single Port Register File Generator, IBM CMRF8SF-LPVT Process
6:13:03 PM - 
6:13:03 PM - Log file is ACI.log
6:13:03 PM - 
6:14:57 PM - ASCII Datatable updated
6:15:06 PM - ASCII Datatable updated
6:18:08 PM - command: /courses/ee6321/share/mem_comp/rf1shd/bin/rf1shd verilog -instname cmem -words 64 -bits 16 -frequency 1 -ring_width 2.0 -mux 2 -write_mask off -wp_size 8 -top_layer "m6-m8_m4" -power_type rings -horiz met1 -vert met2 -cust_comment "" -bus_notation on -left_bus_delim "[" -right_bus_delim "]" -pwr_gnd_rename "VDD:VDD,GND:VSS" -prefix "" -pin_space 0.0 -name_case upper -check_instname on -diodes on -inside_ring_type GND -drive 4 -asvm on -corners ff_1p32v_m55c,ff_1p65v_125c,tt_1p2v_25c,ss_1p08v_m55c
6:18:08 PM - Verilog Model generator succeeded, created:
6:18:08 PM -    cmem.v
6:18:08 PM - command: /courses/ee6321/share/mem_comp/rf1shd/bin/rf1shd synopsys -instname cmem -words 64 -bits 16 -frequency 1 -ring_width 2.0 -mux 2 -write_mask off -wp_size 8 -top_layer "m6-m8_m4" -power_type rings -horiz met1 -vert met2 -cust_comment "" -bus_notation on -left_bus_delim "[" -right_bus_delim "]" -pwr_gnd_rename "VDD:VDD,GND:VSS" -prefix "" -pin_space 0.0 -name_case upper -check_instname on -diodes on -inside_ring_type GND -drive 4 -asvm on -libname USERLIB -corners ff_1p32v_m55c,ff_1p65v_125c,tt_1p2v_25c,ss_1p08v_m55c
6:18:09 PM - Synopsys Model generator succeeded, created:
6:18:09 PM -    cmem_ff_1p32v_m55c_syn.lib
6:18:09 PM -    cmem_ff_1p65v_125c_syn.lib
6:18:09 PM -    cmem_tt_1p2v_25c_syn.lib
6:18:09 PM -    cmem_ss_1p08v_m55c_syn.lib
