Warning: Design 'top_module' has '2' unresolved references. For more detailed information, use the "link" command. (UID-341)
 
****************************************
Report : timing
        -path end
        -delay max
        -max_paths 10000
        -sort_by slack
Design : top_module
Version: U-2022.12-SP7
Date   : Wed Dec 18 16:44:45 2024
****************************************

 # A fanout number of 1000 was used for high fanout net computations.

Operating Conditions: tt_1p2v_25c   Library: scx3_cmos8rf_lpvt_tt_1p2v_25c
Wire Load Model Mode: top

Endpoint                         Path Delay     Path Required     Slack
------------------------------------------------------------------------
result[5] (out)                     1.20 r        infinity     infinity
result[0] (out)                     1.20 r        infinity     infinity
result[12] (out)                    1.20 r        infinity     infinity
result[26] (out)                    1.01 f        infinity     infinity
result[2] (out)                     1.01 f        infinity     infinity
result[1] (out)                     1.01 f        infinity     infinity
result[6] (out)                     1.01 f        infinity     infinity
result[30] (out)                    1.01 f        infinity     infinity
result[3] (out)                     1.01 f        infinity     infinity
result[31] (out)                    1.00 f        infinity     infinity
result[8] (out)                     1.00 f        infinity     infinity
result[4] (out)                     1.00 f        infinity     infinity
result[18] (out)                    1.00 f        infinity     infinity
result[16] (out)                    1.00 f        infinity     infinity
result[22] (out)                    1.00 f        infinity     infinity
result[17] (out)                    1.00 f        infinity     infinity
result[15] (out)                    1.00 f        infinity     infinity
result[14] (out)                    1.00 f        infinity     infinity
result[13] (out)                    1.00 f        infinity     infinity
result[11] (out)                    1.00 f        infinity     infinity
result[10] (out)                    1.00 f        infinity     infinity
result[9] (out)                     1.00 f        infinity     infinity
result[7] (out)                     1.00 f        infinity     infinity
result[29] (out)                    1.00 f        infinity     infinity
result[28] (out)                    1.00 f        infinity     infinity
result[27] (out)                    1.00 f        infinity     infinity
result[25] (out)                    1.00 f        infinity     infinity
result[24] (out)                    1.00 f        infinity     infinity
result[23] (out)                    1.00 f        infinity     infinity
result[21] (out)                    1.00 f        infinity     infinity
result[20] (out)                    1.00 f        infinity     infinity
result[19] (out)                    1.00 f        infinity     infinity
done (out)                          0.00 r        infinity     infinity

1
